<?xml version="1.0" encoding="UTF-8"?>
<!-- Generated by org.testng.reporters.JUnitReportReporter -->
<testsuite hostname="Ashish-Laptop" failures="0" tests="1" name="ui.BeforeAfterTest" time="0.006" errors="0" timestamp="2021-07-04T14:38:13 IST" skipped="0">
  <testcase classname="ui.BeforeAfterTest" name="workingInApp" time="0.006"/>
  <system-out/>
</testsuite> <!-- ui.BeforeAfterTest -->
