<?xml version="1.0" encoding="UTF-8"?>
<!-- Generated by org.testng.reporters.JUnitReportReporter -->
<testsuite hostname="Ashish-Laptop" failures="0" tests="1" name="ui.FromXMLParameter" time="0.008" errors="0" timestamp="2021-07-04T23:12:06 IST" skipped="0">
  <testcase classname="ui.FromXMLParameter" name="testingParameter" time="0.008"/>
  <system-out/>
</testsuite> <!-- ui.FromXMLParameter -->
