<?xml version="1.0" encoding="UTF-8"?>
<!-- Generated by org.testng.reporters.JUnitReportReporter -->
<testsuite hostname="Ashish-Laptop" failures="0" tests="3" name="ui.SameTestNames" time="0.012" errors="0" timestamp="2021-07-04T14:41:02 IST" skipped="0">
  <testcase classname="ui.SameTestNames" name="Test3" time="0.009"/>
  <system-out/>
  <testcase classname="ui.SameTestNames" name="Test2" time="0.001"/>
  <system-out/>
  <testcase classname="ui.SameTestNames" name="Test1" time="0.002"/>
  <system-out/>
</testsuite> <!-- ui.SameTestNames -->
