<?xml version="1.0" encoding="UTF-8"?>
<!-- Generated by org.testng.reporters.JUnitReportReporter -->
<testsuite hostname="Ashish-Laptop" failures="0" tests="3" name="ui.SameTestNames" time="0.010" errors="0" timestamp="2021-07-04T14:21:23 IST" skipped="0">
  <testcase classname="ui.SameTestNames" name="Test3" time="0.008"/>
  <system-out/>
  <testcase classname="ui.SameTestNames" name="Test2" time="0.001"/>
  <system-out/>
  <testcase classname="ui.SameTestNames" name="Test1" time="0.001"/>
  <system-out/>
</testsuite> <!-- ui.SameTestNames -->
