<?xml version="1.0" encoding="UTF-8"?>
<!-- Generated by org.testng.reporters.JUnitReportReporter -->
<testsuite hostname="Ashish-Laptop" failures="0" tests="4" name="ui.Groups" time="0.025" errors="0" timestamp="2021-07-04T19:08:24 IST" skipped="0">
  <testcase classname="ui.Groups" name="test3" time="0.002"/>
  <system-out/>
  <testcase classname="ui.Groups" name="test1" time="0.012"/>
  <system-out/>
  <testcase classname="ui.Groups" name="test2" time="0.003"/>
  <system-out/>
  <testcase classname="ui.Groups" name="test4" time="0.008"/>
  <system-out/>
</testsuite> <!-- ui.Groups -->
