<?xml version="1.0" encoding="UTF-8"?>
<!-- Generated by org.testng.reporters.JUnitReportReporter -->
<testsuite hostname="Ashish-Laptop" failures="0" tests="3" name="ui.DemoTest" time="0.013" errors="0" timestamp="2021-07-04T14:06:16 IST" skipped="0">
  <testcase classname="ui.DemoTest" name="TestPrint" time="0.002"/>
  <system-out/>
  <testcase classname="ui.DemoTest" name="LogOutTestPrint" time="0.002"/>
  <system-out/>
  <testcase classname="ui.DemoTest" name="LogInTestPrint" time="0.009"/>
  <system-out/>
</testsuite> <!-- ui.DemoTest -->
