<?xml version="1.0" encoding="UTF-8"?>
<!-- Generated by org.testng.reporters.JUnitReportReporter -->
<testsuite hostname="Ashish-Laptop" failures="0" tests="1" name="ui.DemoTest" time="0.009" errors="0" timestamp="2021-07-04T13:32:42 IST" skipped="0">
  <testcase classname="ui.DemoTest" name="TestPrint" time="0.009"/>
  <system-out/>
</testsuite> <!-- ui.DemoTest -->
