<?xml version="1.0" encoding="UTF-8"?>
<!-- Generated by org.testng.reporters.JUnitReportReporter -->
<testsuite hostname="Ashish-Laptop" failures="0" tests="2" name="ui.BeforeAfterTestAndMethod" time="0.009" errors="0" timestamp="2021-07-04T14:46:39 IST" skipped="0">
  <testcase classname="ui.BeforeAfterTestAndMethod" name="addingInApp" time="0.006"/>
  <system-out/>
  <testcase classname="ui.BeforeAfterTestAndMethod" name="browsingInApp" time="0.003"/>
  <system-out/>
</testsuite> <!-- ui.BeforeAfterTestAndMethod -->
