<?xml version="1.0" encoding="UTF-8"?>
<!-- Generated by org.testng.reporters.JUnitReportReporter -->
<testsuite hostname="Ashish-Laptop" failures="0" tests="1" name="ui.AssertionDemo" time="5.314" errors="0" timestamp="2021-07-04T17:28:02 IST" skipped="0">
  <testcase classname="ui.AssertionDemo" name="searchItem" time="5.314"/>
  <system-out/>
</testsuite> <!-- ui.AssertionDemo -->
