<?xml version="1.0" encoding="UTF-8"?>
<!-- Generated by org.testng.reporters.JUnitReportReporter -->
<testsuite hostname="Ashish-Laptop" failures="0" tests="12" name="ui.DataProviderDemo" time="0.021" errors="0" timestamp="2021-07-04T22:51:46 IST" skipped="0">
  <testcase classname="ui.DataProviderDemo" name="testPrints1" time="0.002"/>
  <system-out/>
  <testcase classname="ui.DataProviderDemo" name="testPrints3" time="0.001"/>
  <system-out/>
  <testcase classname="ui.DataProviderDemo" name="testPrints2" time="0.001"/>
  <system-out/>
  <testcase classname="ui.DataProviderDemo" name="testPrints2" time="0.001"/>
  <system-out/>
  <testcase classname="ui.DataProviderDemo" name="testPrints1" time="0.007"/>
  <system-out/>
  <testcase classname="ui.DataProviderDemo" name="testPrints1" time="0.002"/>
  <system-out/>
  <testcase classname="ui.DataProviderDemo" name="testPrints3" time="0.001"/>
  <system-out/>
  <testcase classname="ui.DataProviderDemo" name="testPrints1" time="0.002"/>
  <system-out/>
  <testcase classname="ui.DataProviderDemo" name="testPrints2" time="0.001"/>
  <system-out/>
  <testcase classname="ui.DataProviderDemo" name="testPrints3" time="0.001"/>
  <system-out/>
  <testcase classname="ui.DataProviderDemo" name="testPrints2" time="0.001"/>
  <system-out/>
  <testcase classname="ui.DataProviderDemo" name="testPrints3" time="0.001"/>
  <system-out/>
</testsuite> <!-- ui.DataProviderDemo -->
