<?xml version="1.0" encoding="UTF-8"?>
<!-- Generated by org.testng.reporters.JUnitReportReporter -->
<testsuite skipped="0" hostname="Ashish-Laptop" name="ui.FromXMLParameter" tests="1" failures="0" timestamp="2021-07-30T00:04:30 IST" time="0.013" errors="0">
  <testcase name="testingParameter" time="0.013" classname="ui.FromXMLParameter"/>
  <system-out/>
</testsuite> <!-- ui.FromXMLParameter -->
